library-zbar/build/outputs/logs/manifest-merger-debug-report.txt
-- Merging decision tree log ---
manifest
ADDED from TipKuu/library-zbar/AndroidManifest.xml:2:1-18:12
INJECTED from TipKuu/library-zbar/AndroidManifest.xml:2:1-18:12
INJECTED from TipKuu/library-zbar/AndroidManifest.xml:2:1-18:12
INJECTED from TipKuu/library-zbar/AndroidManifest.xml:2:1-18:12
INJECTED from TipKuu/library-zbar/AndroidManifest.xml:2:1-18:12
INJECTED from TipKuu/library-zbar/AndroidManifest.xml:2:1-18:12
INJECTED from TipKuu/library-zbar/AndroidManifest.xml:2:1-18:12
	package
		ADDED from TipKuu/library-zbar/AndroidManifest.xml:3:5-35
		INJECTED from TipKuu/library-zbar/AndroidManifest.xml
		INJECTED from TipKuu/library-zbar/AndroidManifest.xml
	android:versionName
		ADDED from TipKuu/library-zbar/AndroidManifest.xml:5:5-30
		INJECTED from TipKuu/library-zbar/AndroidManifest.xml
		INJECTED from TipKuu/library-zbar/AndroidManifest.xml
	xmlns:android
		ADDED from TipKuu/library-zbar/AndroidManifest.xml:2:11-69
	android:versionCode
		ADDED from TipKuu/library-zbar/AndroidManifest.xml:4:5-28
		INJECTED from TipKuu/library-zbar/AndroidManifest.xml
		INJECTED from TipKuu/library-zbar/AndroidManifest.xml
uses-sdk
ADDED from TipKuu/library-zbar/AndroidManifest.xml:7:5-43
INJECTED from TipKuu/library-zbar/AndroidManifest.xml:7:5-43
INJECTED from TipKuu/library-zbar/AndroidManifest.xml:7:5-43
INJECTED from TipKuu/library-zbar/AndroidManifest.xml:7:5-43
INJECTED from TipKuu/library-zbar/AndroidManifest.xml:7:5-43
	android:targetSdkVersion
		INJECTED from TipKuu/library-zbar/AndroidManifest.xml
		ADDED from TipKuu/library-zbar/AndroidManifest.xml:7:5-43
		INJECTED from TipKuu/library-zbar/AndroidManifest.xml
	android:minSdkVersion
		ADDED from TipKuu/library-zbar/AndroidManifest.xml:7:15-40
		INJECTED from TipKuu/library-zbar/AndroidManifest.xml
		INJECTED from TipKuu/library-zbar/AndroidManifest.xml
uses-feature#android.hardware.camera
ADDED from TipKuu/library-zbar/AndroidManifest.xml:9:5-59
	android:name
		ADDED from TipKuu/library-zbar/AndroidManifest.xml:9:19-57
uses-feature#android.hardware.camera.front
ADDED from TipKuu/library-zbar/AndroidManifest.xml:10:5-91
	android:required
		ADDED from TipKuu/library-zbar/AndroidManifest.xml:10:64-88
	android:name
		ADDED from TipKuu/library-zbar/AndroidManifest.xml:10:19-63
uses-feature#android.hardware.camera.autofocus
ADDED from TipKuu/library-zbar/AndroidManifest.xml:11:5-94
	android:required
		ADDED from TipKuu/library-zbar/AndroidManifest.xml:11:68-92
	android:name
		ADDED from TipKuu/library-zbar/AndroidManifest.xml:11:19-67
uses-feature#android.hardware.touchscreen
ADDED from TipKuu/library-zbar/AndroidManifest.xml:12:5-89
	android:required
		ADDED from TipKuu/library-zbar/AndroidManifest.xml:12:63-87
	android:name
		ADDED from TipKuu/library-zbar/AndroidManifest.xml:12:19-62
uses-permission#android.permission.CAMERA
ADDED from TipKuu/library-zbar/AndroidManifest.xml:14:5-64
	android:name
		ADDED from TipKuu/library-zbar/AndroidManifest.xml:14:22-62
application
ADDED from TipKuu/library-zbar/AndroidManifest.xml:16:5-20